Started by user [8mha:////4FiCU5myBYz6LkHpeVtI2dpxfxe7Ks+2RuQwqw2h77SYAAAAlx+LCAAAAAAAAP9b85aBtbiIQTGjNKU4P08vOT+vOD8nVc83PyU1x6OyILUoJzMv2y+/JJUBAhiZGBgqihhk0NSjKDWzXb3RdlLBUSYGJk8GtpzUvPSSDB8G5tKinBIGIZ+sxLJE/ZzEvHT94JKizLx0a6BxUmjGOUNodHsLgAzWEgZu/dLi1CL9xJTczDwAj6GcLcAAAAA=[0madmin
[Thu Jan 29 07:31:19 UTC 2026] Starting branch indexing...
 > git --version # timeout=10
 > git --version # 'git version 2.43.0'
 > git ls-remote --symref -- https://github.com/ChaitanyaVamsi/jenkins-frontend.git # timeout=10
 > git rev-parse --resolve-git-dir /var/lib/jenkins/caches/git-eb0d61378fe577e9f4766c4a3da22bb4/.git # timeout=10
Setting origin to https://github.com/ChaitanyaVamsi/jenkins-frontend.git
 > git config remote.origin.url https://github.com/ChaitanyaVamsi/jenkins-frontend.git # timeout=10
Fetching & pruning origin...
Listing remote references...
 > git config --get remote.origin.url # timeout=10
 > git --version # timeout=10
 > git --version # 'git version 2.43.0'
 > git ls-remote -h -- https://github.com/ChaitanyaVamsi/jenkins-frontend.git # timeout=10
Fetching upstream changes from origin
 > git config --get remote.origin.url # timeout=10
 > git fetch --no-tags --force --progress --prune -- origin +refs/heads/*:refs/remotes/origin/* # timeout=10
Checking branches...
  Checking branch main
      ‘Jenkinsfile’ found
    Met criteria
Changes detected: main (6d537c93e6e8d3064fa006432302eb999604ddb7 → 86d6284e547ef28b3eaa6424c78c815a1de1715e)
Scheduled build for branch: main
  Checking branch new-feature
      ‘Jenkinsfile’ found
    Met criteria
Changes detected: new-feature (6d537c93e6e8d3064fa006432302eb999604ddb7 → cefac3b284710a0a4d03d65e9e8df2dc351d60e3)
Scheduled build for branch: new-feature
Processed 2 branches
[Thu Jan 29 07:31:19 UTC 2026] Finished branch indexing. Indexing took 0.58 sec
Finished: SUCCESS
