Started by user [8mha:////4NbYkKZE7AGKUavmadF7PBXeF/WzIun5CpQubTywW7BXAAAAlx+LCAAAAAAAAP9b85aBtbiIQTGjNKU4P08vOT+vOD8nVc83PyU1x6OyILUoJzMv2y+/JJUBAhiZGBgqihhk0NSjKDWzXb3RdlLBUSYGJk8GtpzUvPSSDB8G5tKinBIGIZ+sxLJE/ZzEvHT94JKizLx0a6BxUmjGOUNodHsLgAzWEgZu/dLi1CL9xJTczDwAj6GcLcAAAAA=[0madmin
[Sat Jan 24 17:42:42 UTC 2026] Starting branch indexing...
 > git --version # timeout=10
 > git --version # 'git version 2.43.0'
 > git ls-remote --symref -- https://github.com/ChaitanyaVamsi/jenkins-user.git # timeout=10
 > git rev-parse --resolve-git-dir /var/lib/jenkins/caches/git-e30b9774aa9bfd42866552f4810adc00/.git # timeout=10
Setting origin to https://github.com/ChaitanyaVamsi/jenkins-user.git
 > git config remote.origin.url https://github.com/ChaitanyaVamsi/jenkins-user.git # timeout=10
Fetching & pruning origin...
Listing remote references...
 > git config --get remote.origin.url # timeout=10
 > git --version # timeout=10
 > git --version # 'git version 2.43.0'
 > git ls-remote -h -- https://github.com/ChaitanyaVamsi/jenkins-user.git # timeout=10
Fetching upstream changes from origin
 > git config --get remote.origin.url # timeout=10
 > git fetch --no-tags --force --progress --prune -- origin +refs/heads/*:refs/remotes/origin/* # timeout=10
Checking branches...
  Checking branch main
      ‘Jenkinsfile’ found
    Met criteria
Changes detected: main (03184caa0ebc8026b9a0549b6ec0187d7800c37d → 5358502c9801d2b2a2c45a513a95122ac5e2deee)
Scheduled build for branch: main
  Checking branch new-feature
      ‘Jenkinsfile’ found
    Met criteria
Branch reopened: new-feature (5358502c9801d2b2a2c45a513a95122ac5e2deee)
Scheduled build for branch: new-feature
Processed 2 branches
[Sat Jan 24 17:42:42 UTC 2026] Finished branch indexing. Indexing took 0.41 sec
Finished: SUCCESS
