Started by user [8mha:////4Fbn9sa7Umn7klIdI9S6P9ZRU9UbBa/zwb/e54wFd1QPAAAAlx+LCAAAAAAAAP9b85aBtbiIQTGjNKU4P08vOT+vOD8nVc83PyU1x6OyILUoJzMv2y+/JJUBAhiZGBgqihhk0NSjKDWzXb3RdlLBUSYGJk8GtpzUvPSSDB8G5tKinBIGIZ+sxLJE/ZzEvHT94JKizLx0a6BxUmjGOUNodHsLgAzWEgZu/dLi1CL9xJTczDwAj6GcLcAAAAA=[0madmin
[Thu Jan 08 15:07:40 UTC 2026] Starting branch indexing...
 > git --version # timeout=10
 > git --version # 'git version 2.47.3'
 > git ls-remote --symref -- https://github.com/ChaitanyaVamsi/jenkins-catalogue.git # timeout=10
 > git rev-parse --resolve-git-dir /var/lib/jenkins/caches/git-a2d813de53cc54875a1054b134bc3c90/.git # timeout=10
Setting origin to https://github.com/ChaitanyaVamsi/jenkins-catalogue.git
 > git config remote.origin.url https://github.com/ChaitanyaVamsi/jenkins-catalogue.git # timeout=10
Fetching & pruning origin...
Listing remote references...
 > git config --get remote.origin.url # timeout=10
 > git --version # timeout=10
 > git --version # 'git version 2.47.3'
 > git ls-remote -h -- https://github.com/ChaitanyaVamsi/jenkins-catalogue.git # timeout=10
Fetching upstream changes from origin
 > git config --get remote.origin.url # timeout=10
 > git fetch --no-tags --force --progress --prune -- origin +refs/heads/*:refs/remotes/origin/* # timeout=10
Checking branches...
  Checking branch main
      ‘JenkinsFile’ found
    Met criteria
No changes detected: main (still at fd7a4fa397456c984037eb6cae78793a4bad1d90)
  Checking branch new-feature
      ‘JenkinsFile’ found
    Met criteria
No changes detected: new-feature (still at fd7a4fa397456c984037eb6cae78793a4bad1d90)
Processed 2 branches
[Thu Jan 08 15:07:41 UTC 2026] Finished branch indexing. Indexing took 0.35 sec
Finished: SUCCESS
