Started by user [8mha:////4NbYkKZE7AGKUavmadF7PBXeF/WzIun5CpQubTywW7BXAAAAlx+LCAAAAAAAAP9b85aBtbiIQTGjNKU4P08vOT+vOD8nVc83PyU1x6OyILUoJzMv2y+/JJUBAhiZGBgqihhk0NSjKDWzXb3RdlLBUSYGJk8GtpzUvPSSDB8G5tKinBIGIZ+sxLJE/ZzEvHT94JKizLx0a6BxUmjGOUNodHsLgAzWEgZu/dLi1CL9xJTczDwAj6GcLcAAAAA=[0madmin
[Sat Jan 24 16:11:41 UTC 2026] Starting branch indexing...
 > git --version # timeout=10
 > git --version # 'git version 2.43.0'
 > git ls-remote --symref -- https://github.com/ChaitanyaVamsi/jenkins-catalogue.git # timeout=10
 > git rev-parse --resolve-git-dir /var/lib/jenkins/caches/git-a2d813de53cc54875a1054b134bc3c90/.git # timeout=10
Setting origin to https://github.com/ChaitanyaVamsi/jenkins-catalogue.git
 > git config remote.origin.url https://github.com/ChaitanyaVamsi/jenkins-catalogue.git # timeout=10
Fetching & pruning origin...
Listing remote references...
 > git config --get remote.origin.url # timeout=10
 > git --version # timeout=10
 > git --version # 'git version 2.43.0'
 > git ls-remote -h -- https://github.com/ChaitanyaVamsi/jenkins-catalogue.git # timeout=10
Fetching upstream changes from origin
 > git config --get remote.origin.url # timeout=10
 > git fetch --no-tags --force --progress --prune -- origin +refs/heads/*:refs/remotes/origin/* # timeout=10
Checking branches...
  Checking branch main
      ‘JenkinsFile’ found
    Met criteria
No changes detected: main (still at fbebf5632d5111fd3f0e75c9824a9e120e6b1044)
  Checking branch new-feature
      ‘JenkinsFile’ found
    Met criteria
No changes detected: new-feature (still at e2d72ac1874524ddb519b0b992e6a02f6566dad8)
Processed 2 branches
[Sat Jan 24 16:11:42 UTC 2026] Finished branch indexing. Indexing took 0.75 sec
Finished: SUCCESS
