Started by user [8mha:////4NbYkKZE7AGKUavmadF7PBXeF/WzIun5CpQubTywW7BXAAAAlx+LCAAAAAAAAP9b85aBtbiIQTGjNKU4P08vOT+vOD8nVc83PyU1x6OyILUoJzMv2y+/JJUBAhiZGBgqihhk0NSjKDWzXb3RdlLBUSYGJk8GtpzUvPSSDB8G5tKinBIGIZ+sxLJE/ZzEvHT94JKizLx0a6BxUmjGOUNodHsLgAzWEgZu/dLi1CL9xJTczDwAj6GcLcAAAAA=[0madmin
[Sat Jan 24 17:40:36 UTC 2026] Starting branch indexing...
 > git --version # timeout=10
 > git --version # 'git version 2.43.0'
 > git ls-remote --symref -- https://github.com/ChaitanyaVamsi/jenkins-cart.git # timeout=10
 > git rev-parse --resolve-git-dir /var/lib/jenkins/caches/git-ac4b94d552b63810f484a1c059ab5606/.git # timeout=10
Setting origin to https://github.com/ChaitanyaVamsi/jenkins-cart.git
 > git config remote.origin.url https://github.com/ChaitanyaVamsi/jenkins-cart.git # timeout=10
Fetching & pruning origin...
Listing remote references...
 > git config --get remote.origin.url # timeout=10
 > git --version # timeout=10
 > git --version # 'git version 2.43.0'
 > git ls-remote -h -- https://github.com/ChaitanyaVamsi/jenkins-cart.git # timeout=10
Fetching upstream changes from origin
 > git config --get remote.origin.url # timeout=10
 > git fetch --no-tags --force --progress --prune -- origin +refs/heads/*:refs/remotes/origin/* # timeout=10
Checking branches...
  Checking branch main
      ‘Jenkinsfile’ found
    Met criteria
No changes detected: main (still at 5478d7f911001c8e5e1758ddb4dee4fe2c7021f5)
  Checking branch new-feature
      ‘Jenkinsfile’ found
    Met criteria
No changes detected: new-feature (still at 5478d7f911001c8e5e1758ddb4dee4fe2c7021f5)
Processed 2 branches
[Sat Jan 24 17:40:36 UTC 2026] Finished branch indexing. Indexing took 0.33 sec
Finished: SUCCESS
